<?xml version="1.0" encoding="UTF-8"?>
<!-- Generated by org.testng.reporters.JUnitReportReporter -->
<testsuite hostname="Srinivasans-MacBook-Pro.local" failures="0" tests="2" name="com.example.qrcode.QRCodeReaderTest" time="5.286" errors="0" timestamp="2025-08-31T17:00:36 IST" skipped="1">
  <testcase classname="com.example.qrcode.QRCodeReaderTest" name="testQRCodeReaderInitialization" time="5.286"/>
  <testcase classname="com.example.qrcode.QRCodeReaderTest" name="testReadQRCodeFromFile">
    <skipped/>
  </testcase> <!-- testReadQRCodeFromFile -->
</testsuite> <!-- com.example.qrcode.QRCodeReaderTest -->
